c:\users\user1\desktop\פרויקט ניסוי\transmitter\transmitter\x64\debug\vc143.pdb
c:\users\user1\desktop\פרויקט ניסוי\transmitter\transmitter\x64\debug\vc143.idb
c:\users\user1\desktop\פרויקט ניסוי\transmitter\transmitter\x64\debug\udpserver.obj
c:\users\user1\desktop\פרויקט ניסוי\transmitter\transmitter\x64\debug\transmitter.obj
c:\users\user1\desktop\פרויקט ניסוי\transmitter\transmitter\x64\debug\controller.obj
c:\users\user1\desktop\פרויקט ניסוי\transmitter\transmitter\x64\debug\aplifier.obj
c:\users\user1\desktop\פרויקט ניסוי\transmitter\transmitter\x64\debug\antenna.obj
c:\users\user1\desktop\פרויקט ניסוי\transmitter\x64\debug\transmitter.exe
c:\users\user1\desktop\פרויקט ניסוי\transmitter\transmitter\x64\debug\transmitter.ilk
c:\users\user1\desktop\פרויקט ניסוי\transmitter\x64\debug\transmitter.pdb
c:\users\user1\desktop\communication system!!\transmitter\x64\debug\transmitter.exe
c:\users\user1\desktop\communication system!!\transmitter\transmitter\x64\debug\transmitter.ilk
c:\users\user1\desktop\communication system!!\transmitter\x64\debug\transmitter.pdb
c:\users\user1\desktop\communication system!!\transmitter\transmitter\x64\debug\amplifier.obj
c:\users\user1\desktop\communication system!!\transmitter\transmitter\x64\debug\antenna.obj
c:\users\user1\desktop\communication system!!\transmitter\transmitter\x64\debug\aplifier.obj
c:\users\user1\desktop\communication system!!\transmitter\transmitter\x64\debug\controller.obj
c:\users\user1\desktop\communication system!!\transmitter\transmitter\x64\debug\manager.obj
c:\users\user1\desktop\communication system!!\transmitter\transmitter\x64\debug\modem.obj
c:\users\user1\desktop\communication system!!\transmitter\transmitter\x64\debug\ucpclient.obj
c:\users\user1\desktop\communication system!!\transmitter\transmitter\x64\debug\udpserver.obj
c:\users\user1\desktop\communication system!!\transmitter\transmitter\x64\debug\amplifier.obj.enc
c:\users\user1\desktop\communication system!!\transmitter\transmitter\x64\debug\antenna.obj.enc
c:\users\user1\desktop\communication system!!\transmitter\transmitter\x64\debug\controller.obj.enc
c:\users\user1\desktop\communication system!!\transmitter\transmitter\x64\debug\manager.obj.enc
c:\users\user1\desktop\communication system!!\transmitter\transmitter\x64\debug\modem.obj.enc
c:\users\user1\desktop\communication system!!\transmitter\transmitter\x64\debug\transmitter.obj.enc
c:\users\user1\desktop\communication system!!\transmitter\transmitter\x64\debug\udpserver.obj.enc
c:\users\user1\desktop\communication system!!\transmitter\transmitter\x64\debug\vc143.idb
c:\users\user1\desktop\communication system!!\transmitter\transmitter\x64\debug\vc143.pdb
c:\users\user1\desktop\communication system!!\transmitter\transmitter\x64\debug\transmitter.tlog\cl.command.1.tlog
c:\users\user1\desktop\communication system!!\transmitter\transmitter\x64\debug\transmitter.tlog\cl.write.1.tlog
c:\users\user1\desktop\communication system!!\transmitter\transmitter\x64\debug\transmitter.tlog\link.command.1.tlog
c:\users\user1\desktop\communication system!!\transmitter\transmitter\x64\debug\transmitter.tlog\link.read.1.tlog
c:\users\user1\desktop\communication system!!\transmitter\transmitter\x64\debug\transmitter.tlog\link.write.1.tlog
